<?xml version="1.0" encoding="UTF-8"?>
<testng-results ignored="0" total="1" passed="0" failed="1" skipped="0">
  <reporter-output>
  </reporter-output>
  <suite started-at="2025-04-15T23:03:12 IST" name="Default suite" finished-at="2025-04-15T23:03:58 IST" duration-ms="45571">
    <groups>
    </groups>
    <test started-at="2025-04-15T23:03:12 IST" name="Default test" finished-at="2025-04-15T23:03:58 IST" duration-ms="45571">
      <class name="iosAutomation.firstDemo2">
        <test-method is-config="true" signature="configureAppium()[pri:0, instance:iosAutomation.firstDemo2@515aebb0]" started-at="2025-04-15T23:03:12 IST" name="configureAppium" finished-at="2025-04-15T23:03:33 IST" duration-ms="21240" status="PASS">
          <reporter-output>
          </reporter-output>
        </test-method> <!-- configureAppium -->
        <test-method signature="firstDemo2Test()[pri:0, instance:iosAutomation.firstDemo2@515aebb0]" started-at="2025-04-15T23:03:33 IST" name="firstDemo2Test" finished-at="2025-04-15T23:03:57 IST" duration-ms="23086" status="FAIL">
          <exception class="org.openqa.selenium.NoSuchElementException">
            <message>
              <![CDATA[An element could not be located on the page using the given search parameters.
For documentation on this error, please visit: https://www.selenium.dev/documentation/webdriver/troubleshooting/errors#no-such-element-exception
Build info: version: '4.31.0', revision: '1ef9f18787*'
System info: os.name: 'Mac OS X', os.arch: 'aarch64', os.version: '15.3', java.version: '21.0.2'
Driver info: io.appium.java_client.ios.IOSDriver
Command: [bcdd8ced-41f5-40b1-b7a7-e9d32ef01381, findElement {using=xpath, value=//XCUIElementTypeSecureTextField[@value='Enter Password']}]
Capabilities {appium:app: /Users/ashwaniyadav/eclipse..., appium:automationName: XCuiTest, appium:databaseEnabled: false, appium:deviceName: iPhone 16, appium:javascriptEnabled: true, appium:locationContextEnabled: false, appium:networkConnectionEnabled: false, appium:platformVersion: 18.4, appium:takesScreenshot: true, appium:udid: 013F2DF7-A868-4918-9662-D14..., appium:wdaLaunchTimeout: 20000, appium:webStorageEnabled: false, platformName: IOS}
Session ID: bcdd8ced-41f5-40b1-b7a7-e9d32ef01381]]>
            </message>
            <full-stacktrace>
              <![CDATA[org.openqa.selenium.NoSuchElementException: An element could not be located on the page using the given search parameters.
For documentation on this error, please visit: https://www.selenium.dev/documentation/webdriver/troubleshooting/errors#no-such-element-exception
Build info: version: '4.31.0', revision: '1ef9f18787*'
System info: os.name: 'Mac OS X', os.arch: 'aarch64', os.version: '15.3', java.version: '21.0.2'
Driver info: io.appium.java_client.ios.IOSDriver
Command: [bcdd8ced-41f5-40b1-b7a7-e9d32ef01381, findElement {using=xpath, value=//XCUIElementTypeSecureTextField[@value='Enter Password']}]
Capabilities {appium:app: /Users/ashwaniyadav/eclipse..., appium:automationName: XCuiTest, appium:databaseEnabled: false, appium:deviceName: iPhone 16, appium:javascriptEnabled: true, appium:locationContextEnabled: false, appium:networkConnectionEnabled: false, appium:platformVersion: 18.4, appium:takesScreenshot: true, appium:udid: 013F2DF7-A868-4918-9662-D14..., appium:wdaLaunchTimeout: 20000, appium:webStorageEnabled: false, platformName: IOS}
Session ID: bcdd8ced-41f5-40b1-b7a7-e9d32ef01381
at java.base/jdk.internal.reflect.DirectConstructorHandleAccessor.newInstance(DirectConstructorHandleAccessor.java:62)
at java.base/java.lang.reflect.Constructor.newInstanceWithCaller(Constructor.java:502)
at java.base/java.lang.reflect.Constructor.newInstance(Constructor.java:486)
at org.openqa.selenium.remote.ErrorCodec.decode(ErrorCodec.java:167)
at org.openqa.selenium.remote.codec.w3c.W3CHttpResponseCodec.decode(W3CHttpResponseCodec.java:138)
at org.openqa.selenium.remote.codec.w3c.W3CHttpResponseCodec.decode(W3CHttpResponseCodec.java:50)
at org.openqa.selenium.remote.HttpCommandExecutor.execute(HttpCommandExecutor.java:215)
at io.appium.java_client.remote.AppiumCommandExecutor.execute(AppiumCommandExecutor.java:243)
at org.openqa.selenium.remote.RemoteWebDriver.execute(RemoteWebDriver.java:545)
at org.openqa.selenium.remote.ElementLocation$ElementFinder$2.findElement(ElementLocation.java:165)
at org.openqa.selenium.remote.ElementLocation.findElement(ElementLocation.java:59)
at org.openqa.selenium.remote.RemoteWebDriver.findElement(RemoteWebDriver.java:368)
at org.openqa.selenium.remote.RemoteWebDriver.findElement(RemoteWebDriver.java:362)
at iosAutomation.firstDemo2.firstDemo2Test(firstDemo2.java:55)
at java.base/jdk.internal.reflect.DirectMethodHandleAccessor.invoke(DirectMethodHandleAccessor.java:103)
at java.base/java.lang.reflect.Method.invoke(Method.java:580)
at org.testng.internal.invokers.MethodInvocationHelper.invokeMethod(MethodInvocationHelper.java:141)
at org.testng.internal.invokers.TestInvoker.invokeMethod(TestInvoker.java:687)
at org.testng.internal.invokers.TestInvoker.invokeTestMethod(TestInvoker.java:230)
at org.testng.internal.invokers.MethodRunner.runInSequence(MethodRunner.java:63)
at org.testng.internal.invokers.TestInvoker$MethodInvocationAgent.invoke(TestInvoker.java:995)
at org.testng.internal.invokers.TestInvoker.invokeTestMethods(TestInvoker.java:203)
at org.testng.internal.invokers.TestMethodWorker.invokeTestMethods(TestMethodWorker.java:154)
at org.testng.internal.invokers.TestMethodWorker.run(TestMethodWorker.java:134)
at java.base/java.util.ArrayList.forEach(ArrayList.java:1596)
at org.testng.TestRunner.privateRun(TestRunner.java:741)
at org.testng.TestRunner.run(TestRunner.java:616)
at org.testng.SuiteRunner.runTest(SuiteRunner.java:421)
at org.testng.SuiteRunner.runSequentially(SuiteRunner.java:413)
at org.testng.SuiteRunner.privateRun(SuiteRunner.java:373)
at org.testng.SuiteRunner.run(SuiteRunner.java:312)
at org.testng.SuiteRunnerWorker.runSuite(SuiteRunnerWorker.java:52)
at org.testng.SuiteRunnerWorker.run(SuiteRunnerWorker.java:95)
at org.testng.TestNG.runSuitesSequentially(TestNG.java:1274)
at org.testng.TestNG.runSuitesLocally(TestNG.java:1208)
at org.testng.TestNG.runSuites(TestNG.java:1112)
at org.testng.TestNG.run(TestNG.java:1079)
at org.testng.remote.AbstractRemoteTestNG.run(AbstractRemoteTestNG.java:115)
at org.testng.remote.RemoteTestNG.initAndRun(RemoteTestNG.java:293)
at org.testng.remote.RemoteTestNG.main(RemoteTestNG.java:91)
]]>
            </full-stacktrace>
          </exception> <!-- org.openqa.selenium.NoSuchElementException -->
          <reporter-output>
          </reporter-output>
        </test-method> <!-- firstDemo2Test -->
        <test-method is-config="true" signature="tearsdown()[pri:0, instance:iosAutomation.firstDemo2@515aebb0]" started-at="2025-04-15T23:03:57 IST" name="tearsdown" finished-at="2025-04-15T23:03:58 IST" duration-ms="1212" status="PASS">
          <reporter-output>
          </reporter-output>
        </test-method> <!-- tearsdown -->
      </class> <!-- iosAutomation.firstDemo2 -->
    </test> <!-- Default test -->
  </suite> <!-- Default suite -->
</testng-results>
